{"level":"INFO","ts":"2023-02-08 15:35:03","caller":"cmd/main.go:19","msg":"Starting Application"}
{"level":"INFO","ts":"2023-02-08 15:41:26","caller":"cmd/main.go:19","msg":"Starting Application"}
{"level":"INFO","ts":"2023-02-08 15:43:10","caller":"cmd/main.go:19","msg":"Starting Application"}
{"level":"INFO","ts":"2023-02-08 15:44:00","caller":"cmd/main.go:19","msg":"Starting Application"}
{"level":"INFO","ts":"2023-02-08 15:45:18","caller":"cmd/main.go:19","msg":"Starting Application"}
{"level":"INFO","ts":"2023-02-08 15:45:18","caller":"api/api.go:178","msg":"Success -- Stargazers"}
{"level":"INFO","ts":"2023-02-08 15:45:18","caller":"api/api.go:190","msg":"Success -- Readme"}
{"level":"INFO","ts":"2023-02-08 15:45:18","caller":"api/api.go:161","msg":"Success -- License"}
{"level":"INFO","ts":"2023-02-08 15:45:19","caller":"api/api.go:102","msg":"Success -- Pull requests"}
{"level":"INFO","ts":"2023-02-08 15:45:19","caller":"api/api.go:116","msg":"Success -- Issues"}
{"level":"INFO","ts":"2023-02-08 15:45:19","caller":"api/api.go:145","msg":"Success -- Contributors"}
{"level":"INFO","ts":"2023-02-08 15:45:20","caller":"api/api.go:132","msg":"Success -- Commits"}
{"level":"INFO","ts":"2023-02-08 15:45:20","caller":"api/api.go:178","msg":"Success -- Stargazers"}
{"level":"INFO","ts":"2023-02-08 15:45:20","caller":"api/api.go:190","msg":"Success -- Readme"}
{"level":"INFO","ts":"2023-02-08 15:45:20","caller":"api/api.go:161","msg":"Success -- License"}
{"level":"INFO","ts":"2023-02-08 15:45:21","caller":"api/api.go:102","msg":"Success -- Pull requests"}
{"level":"INFO","ts":"2023-02-08 15:45:21","caller":"api/api.go:116","msg":"Success -- Issues"}
{"level":"INFO","ts":"2023-02-08 15:45:21","caller":"api/api.go:145","msg":"Success -- Contributors"}
{"level":"INFO","ts":"2023-02-08 15:45:22","caller":"api/api.go:132","msg":"Success -- Commits"}
{"level":"INFO","ts":"2023-02-08 15:45:22","caller":"api/api.go:178","msg":"Success -- Stargazers"}
{"level":"INFO","ts":"2023-02-08 15:45:22","caller":"api/api.go:190","msg":"Success -- Readme"}
{"level":"INFO","ts":"2023-02-08 15:45:22","caller":"api/api.go:161","msg":"Success -- License"}
{"level":"INFO","ts":"2023-02-08 15:45:22","caller":"api/api.go:102","msg":"Success -- Pull requests"}
{"level":"INFO","ts":"2023-02-08 15:45:22","caller":"api/api.go:116","msg":"Success -- Issues"}
{"level":"INFO","ts":"2023-02-08 15:45:23","caller":"api/api.go:145","msg":"Success -- Contributors"}
{"level":"INFO","ts":"2023-02-08 15:45:23","caller":"api/api.go:132","msg":"Success -- Commits"}
{"level":"INFO","ts":"2023-02-08 15:45:23","caller":"api/api.go:178","msg":"Success -- Stargazers"}
{"level":"INFO","ts":"2023-02-08 15:45:23","caller":"api/api.go:190","msg":"Success -- Readme"}
{"level":"INFO","ts":"2023-02-08 15:45:23","caller":"api/api.go:161","msg":"Success -- License"}
{"level":"INFO","ts":"2023-02-08 15:45:23","caller":"api/api.go:102","msg":"Success -- Pull requests"}
{"level":"INFO","ts":"2023-02-08 15:45:23","caller":"api/api.go:116","msg":"Success -- Issues"}
{"level":"INFO","ts":"2023-02-08 15:45:24","caller":"api/api.go:145","msg":"Success -- Contributors"}
{"level":"INFO","ts":"2023-02-08 15:45:24","caller":"api/api.go:132","msg":"Success -- Commits"}
{"level":"INFO","ts":"2023-02-08 15:45:24","caller":"api/api.go:178","msg":"Success -- Stargazers"}
{"level":"INFO","ts":"2023-02-08 15:45:24","caller":"api/api.go:190","msg":"Success -- Readme"}
{"level":"INFO","ts":"2023-02-08 15:45:24","caller":"api/api.go:161","msg":"Success -- License"}
{"level":"INFO","ts":"2023-02-08 15:45:25","caller":"api/api.go:102","msg":"Success -- Pull requests"}
{"level":"INFO","ts":"2023-02-08 15:45:25","caller":"api/api.go:116","msg":"Success -- Issues"}
{"level":"INFO","ts":"2023-02-08 15:45:25","caller":"api/api.go:145","msg":"Success -- Contributors"}
{"level":"INFO","ts":"2023-02-08 15:45:26","caller":"api/api.go:132","msg":"Success -- Commits"}
{"level":"INFO","ts":"2023-02-08 15:48:05","caller":"cmd/main.go:19","msg":"Starting Application"}
{"level":"INFO","ts":"2023-02-08 15:50:37","caller":"cmd/main.go:19","msg":"Starting Application"}
{"level":"INFO","ts":"2023-02-08 15:50:40","caller":"cli/cli.go:53","msg":"Build successful"}
