{"level":"INFO","ts":"2023-02-07 23:25:19","caller":"api/api.go:102","msg":"Success -- Pull requests"}
{"level":"INFO","ts":"2023-02-07 23:25:52","caller":"api/api.go:102","msg":"Success -- Pull requests"}
{"level":"INFO","ts":"2023-02-07 23:25:53","caller":"api/api.go:116","msg":"Success -- Issues"}
{"level":"INFO","ts":"2023-02-07 23:25:53","caller":"api/api.go:132","msg":"Success -- Commits"}
{"level":"INFO","ts":"2023-02-07 23:25:53","caller":"api/api.go:145","msg":"Success -- Contributors"}
{"level":"INFO","ts":"2023-02-07 23:25:53","caller":"api/api.go:161","msg":"Success -- License"}
{"level":"INFO","ts":"2023-02-07 23:25:53","caller":"api/api.go:178","msg":"Success -- Stargazers"}
{"level":"INFO","ts":"2023-02-07 23:25:53","caller":"api/api.go:190","msg":"Success -- Readme"}
{"level":"INFO","ts":"2023-02-08 15:48:40","caller":"api/api.go:102","msg":"Success -- Pull requests"}
{"level":"INFO","ts":"2023-02-08 15:48:41","caller":"api/api.go:116","msg":"Success -- Issues"}
{"level":"INFO","ts":"2023-02-08 15:48:41","caller":"api/api.go:132","msg":"Success -- Commits"}
{"level":"INFO","ts":"2023-02-08 15:48:41","caller":"api/api.go:145","msg":"Success -- Contributors"}
{"level":"INFO","ts":"2023-02-08 15:48:41","caller":"api/api.go:161","msg":"Success -- License"}
{"level":"INFO","ts":"2023-02-08 15:48:41","caller":"api/api.go:178","msg":"Success -- Stargazers"}
{"level":"INFO","ts":"2023-02-08 15:48:41","caller":"api/api.go:190","msg":"Success -- Readme"}
{"level":"INFO","ts":"2023-02-08 15:52:50","caller":"api/api.go:102","msg":"Success -- Pull requests"}
{"level":"INFO","ts":"2023-02-08 15:52:51","caller":"api/api.go:116","msg":"Success -- Issues"}
{"level":"INFO","ts":"2023-02-08 15:52:51","caller":"api/api.go:132","msg":"Success -- Commits"}
{"level":"INFO","ts":"2023-02-08 15:52:51","caller":"api/api.go:145","msg":"Success -- Contributors"}
{"level":"INFO","ts":"2023-02-08 15:52:51","caller":"api/api.go:161","msg":"Success -- License"}
{"level":"INFO","ts":"2023-02-08 15:52:51","caller":"api/api.go:178","msg":"Success -- Stargazers"}
{"level":"INFO","ts":"2023-02-08 15:52:52","caller":"api/api.go:190","msg":"Success -- Readme"}
{"level":"INFO","ts":"2023-02-08 15:53:56","caller":"api/api.go:102","msg":"Success -- Pull requests"}
{"level":"INFO","ts":"2023-02-08 15:53:57","caller":"api/api.go:116","msg":"Success -- Issues"}
{"level":"INFO","ts":"2023-02-08 15:53:57","caller":"api/api.go:132","msg":"Success -- Commits"}
{"level":"INFO","ts":"2023-02-08 15:53:57","caller":"api/api.go:145","msg":"Success -- Contributors"}
{"level":"INFO","ts":"2023-02-08 15:53:57","caller":"api/api.go:161","msg":"Success -- License"}
{"level":"INFO","ts":"2023-02-08 15:53:57","caller":"api/api.go:178","msg":"Success -- Stargazers"}
{"level":"INFO","ts":"2023-02-08 15:53:58","caller":"api/api.go:190","msg":"Success -- Readme"}
